<?xml version="1.0" encoding="UTF-8"?>
<testsuite name="readinglist.ReadingListApplicationTests" tests="1" skipped="0" failures="0" errors="0" timestamp="2020-03-29T06:44:02" hostname="CNSAJIK1L3C" time="0.065">
  <properties/>
  <testcase name="contextLoads()" classname="readinglist.ReadingListApplicationTests" time="0.065"/>
  <system-out><![CDATA[14:43:58.416 [Test worker] DEBUG org.springframework.test.context.BootstrapUtils - Instantiating CacheAwareContextLoaderDelegate from class [org.springframework.test.context.cache.DefaultCacheAwareContextLoaderDelegate]
14:43:58.431 [Test worker] DEBUG org.springframework.test.context.BootstrapUtils - Instantiating BootstrapContext using constructor [public org.springframework.test.context.support.DefaultBootstrapContext(java.lang.Class,org.springframework.test.context.CacheAwareContextLoaderDelegate)]
14:43:58.455 [Test worker] DEBUG org.springframework.test.context.BootstrapUtils - Instantiating TestContextBootstrapper for test class [readinglist.ReadingListApplicationTests] from class [org.springframework.boot.test.context.SpringBootTestContextBootstrapper]
14:43:58.471 [Test worker] INFO org.springframework.boot.test.context.SpringBootTestContextBootstrapper - Neither @ContextConfiguration nor @ContextHierarchy found for test class [readinglist.ReadingListApplicationTests], using SpringBootContextLoader
14:43:58.475 [Test worker] DEBUG org.springframework.test.context.support.AbstractContextLoader - Did not detect default resource location for test class [readinglist.ReadingListApplicationTests]: class path resource [readinglist/ReadingListApplicationTests-context.xml] does not exist
14:43:58.476 [Test worker] DEBUG org.springframework.test.context.support.AbstractContextLoader - Did not detect default resource location for test class [readinglist.ReadingListApplicationTests]: class path resource [readinglist/ReadingListApplicationTestsContext.groovy] does not exist
14:43:58.476 [Test worker] INFO org.springframework.test.context.support.AbstractContextLoader - Could not detect default resource locations for test class [readinglist.ReadingListApplicationTests]: no resource found for suffixes {-context.xml, Context.groovy}.
14:43:58.477 [Test worker] INFO org.springframework.test.context.support.AnnotationConfigContextLoaderUtils - Could not detect default configuration classes for test class [readinglist.ReadingListApplicationTests]: ReadingListApplicationTests does not declare any static, non-private, non-final, nested classes annotated with @Configuration.
14:43:58.514 [Test worker] DEBUG org.springframework.test.context.support.ActiveProfilesUtils - Could not find an 'annotation declaring class' for annotation type [org.springframework.test.context.ActiveProfiles] and class [readinglist.ReadingListApplicationTests]
14:43:58.580 [Test worker] DEBUG org.springframework.context.annotation.ClassPathScanningCandidateComponentProvider - Identified candidate component class: file [C:\Users\jik1\Downloads\PCF\src\readinglist\build\classes\java\main\readinglist\ReadingListApplication.class]
14:43:58.589 [Test worker] INFO org.springframework.boot.test.context.SpringBootTestContextBootstrapper - Found @SpringBootConfiguration readinglist.ReadingListApplication for test class readinglist.ReadingListApplicationTests
14:43:58.681 [Test worker] DEBUG org.springframework.boot.test.context.SpringBootTestContextBootstrapper - @TestExecutionListeners is not present for class [readinglist.ReadingListApplicationTests]: using defaults.
14:43:58.681 [Test worker] INFO org.springframework.boot.test.context.SpringBootTestContextBootstrapper - Loaded default TestExecutionListener class names from location [META-INF/spring.factories]: [org.springframework.boot.test.autoconfigure.restdocs.RestDocsTestExecutionListener, org.springframework.boot.test.autoconfigure.web.client.MockRestServiceServerResetTestExecutionListener, org.springframework.boot.test.autoconfigure.web.servlet.MockMvcPrintOnlyOnFailureTestExecutionListener, org.springframework.boot.test.autoconfigure.web.servlet.WebDriverTestExecutionListener, org.springframework.boot.test.mock.mockito.MockitoTestExecutionListener, org.springframework.boot.test.mock.mockito.ResetMocksTestExecutionListener, org.springframework.test.context.web.ServletTestExecutionListener, org.springframework.test.context.support.DirtiesContextBeforeModesTestExecutionListener, org.springframework.test.context.support.DependencyInjectionTestExecutionListener, org.springframework.test.context.support.DirtiesContextTestExecutionListener, org.springframework.test.context.transaction.TransactionalTestExecutionListener, org.springframework.test.context.jdbc.SqlScriptsTestExecutionListener, org.springframework.test.context.event.EventPublishingTestExecutionListener]
14:43:58.701 [Test worker] INFO org.springframework.boot.test.context.SpringBootTestContextBootstrapper - Using TestExecutionListeners: [org.springframework.test.context.web.ServletTestExecutionListener@28dfbd4d, org.springframework.test.context.support.DirtiesContextBeforeModesTestExecutionListener@56a00edb, org.springframework.boot.test.mock.mockito.MockitoTestExecutionListener@11d6e3e4, org.springframework.boot.test.autoconfigure.SpringBootDependencyInjectionTestExecutionListener@7c3c4b94, org.springframework.test.context.support.DirtiesContextTestExecutionListener@29dca48b, org.springframework.test.context.transaction.TransactionalTestExecutionListener@7fdcb1bd, org.springframework.test.context.jdbc.SqlScriptsTestExecutionListener@59b3b461, org.springframework.test.context.event.EventPublishingTestExecutionListener@474d2428, org.springframework.boot.test.autoconfigure.restdocs.RestDocsTestExecutionListener@bf928b6, org.springframework.boot.test.autoconfigure.web.client.MockRestServiceServerResetTestExecutionListener@1132212d, org.springframework.boot.test.autoconfigure.web.servlet.MockMvcPrintOnlyOnFailureTestExecutionListener@55669fd6, org.springframework.boot.test.autoconfigure.web.servlet.WebDriverTestExecutionListener@7b248d36, org.springframework.boot.test.mock.mockito.ResetMocksTestExecutionListener@395ab67c]
14:43:58.704 [Test worker] DEBUG org.springframework.test.context.support.AbstractDirtiesContextTestExecutionListener - Before test class: context [DefaultTestContext@47cc1253 testClass = ReadingListApplicationTests, testInstance = [null], testMethod = [null], testException = [null], mergedContextConfiguration = [WebMergedContextConfiguration@25e34aec testClass = ReadingListApplicationTests, locations = '{}', classes = '{class readinglist.ReadingListApplication}', contextInitializerClasses = '[]', activeProfiles = '{}', propertySourceLocations = '{}', propertySourceProperties = '{org.springframework.boot.test.context.SpringBootTestContextBootstrapper=true}', contextCustomizers = set[org.springframework.boot.test.autoconfigure.properties.PropertyMappingContextCustomizer@0, org.springframework.boot.test.autoconfigure.web.servlet.WebDriverContextCustomizerFactory$Customizer@4eb7482b, org.springframework.boot.test.context.filter.ExcludeFilterContextCustomizer@1fbb870d, org.springframework.boot.test.json.DuplicateJsonObjectContextCustomizerFactory$DuplicateJsonObjectContextCustomizer@137ddf38, org.springframework.boot.test.mock.mockito.MockitoContextCustomizer@0, org.springframework.boot.test.web.client.TestRestTemplateContextCustomizer@63263cdb], resourceBasePath = 'src/main/webapp', contextLoader = 'org.springframework.boot.test.context.SpringBootContextLoader', parent = [null]], attributes = map['org.springframework.test.context.web.ServletTestExecutionListener.activateListener' -> true]], class annotated with @DirtiesContext [false] with mode [null].
14:43:58.732 [Test worker] DEBUG org.springframework.test.context.support.TestPropertySourceUtils - Adding inlined properties to environment: {spring.jmx.enabled=false, org.springframework.boot.test.context.SpringBootTestContextBootstrapper=true, server.port=-1}

  .   ____          _            __ _ _
 /\\ / ___'_ __ _ _(_)_ __  __ _ \ \ \ \
( ( )\___ | '_ | '_| | '_ \/ _` | \ \ \ \
 \\/  ___)| |_)| | | | | || (_| |  ) ) ) )
  '  |____| .__|_| |_|_| |_\__, | / / / /
 =========|_|==============|___/=/_/_/_/
 :: Spring Boot ::        (v2.2.6.RELEASE)

2020-03-29 14:43:59.001  INFO 13224 --- [    Test worker] readinglist.ReadingListApplicationTests  : Starting ReadingListApplicationTests on CNSAJIK1L3C with PID 13224 (started by jik1 in C:\Users\jik1\Downloads\PCF\src\readinglist)
2020-03-29 14:43:59.002  INFO 13224 --- [    Test worker] readinglist.ReadingListApplicationTests  : No active profile set, falling back to default profiles: default
2020-03-29 14:43:59.570  INFO 13224 --- [    Test worker] .s.d.r.c.RepositoryConfigurationDelegate : Bootstrapping Spring Data JPA repositories in DEFAULT mode.
2020-03-29 14:43:59.630  INFO 13224 --- [    Test worker] .s.d.r.c.RepositoryConfigurationDelegate : Finished Spring Data repository scanning in 50ms. Found 1 JPA repository interfaces.
2020-03-29 14:44:00.109  INFO 13224 --- [    Test worker] com.zaxxer.hikari.HikariDataSource       : HikariPool-1 - Starting...
2020-03-29 14:44:00.338  INFO 13224 --- [    Test worker] com.zaxxer.hikari.HikariDataSource       : HikariPool-1 - Start completed.
2020-03-29 14:44:00.400  INFO 13224 --- [    Test worker] o.hibernate.jpa.internal.util.LogHelper  : HHH000204: Processing PersistenceUnitInfo [name: default]
2020-03-29 14:44:00.481  INFO 13224 --- [    Test worker] org.hibernate.Version                    : HHH000412: Hibernate ORM core version 5.4.12.Final
2020-03-29 14:44:00.626  INFO 13224 --- [    Test worker] o.hibernate.annotations.common.Version   : HCANN000001: Hibernate Commons Annotations {5.1.0.Final}
2020-03-29 14:44:00.774  INFO 13224 --- [    Test worker] org.hibernate.dialect.Dialect            : HHH000400: Using dialect: org.hibernate.dialect.H2Dialect
2020-03-29 14:44:01.400  INFO 13224 --- [    Test worker] o.h.e.t.j.p.i.JtaPlatformInitiator       : HHH000490: Using JtaPlatform implementation: [org.hibernate.engine.transaction.jta.platform.internal.NoJtaPlatform]
2020-03-29 14:44:01.407  INFO 13224 --- [    Test worker] j.LocalContainerEntityManagerFactoryBean : Initialized JPA EntityManagerFactory for persistence unit 'default'
2020-03-29 14:44:01.968  WARN 13224 --- [    Test worker] JpaBaseConfiguration$JpaWebConfiguration : spring.jpa.open-in-view is enabled by default. Therefore, database queries may be performed during view rendering. Explicitly configure spring.jpa.open-in-view to disable this warning
2020-03-29 14:44:02.204  INFO 13224 --- [    Test worker] o.s.s.concurrent.ThreadPoolTaskExecutor  : Initializing ExecutorService 'applicationTaskExecutor'
2020-03-29 14:44:02.747  INFO 13224 --- [    Test worker] readinglist.ReadingListApplicationTests  : Started ReadingListApplicationTests in 4.008 seconds (JVM running for 5.261)
]]></system-out>
  <system-err><![CDATA[]]></system-err>
</testsuite>
